{"/Users/gabrielsuarez/Documents/dev/angular/kutefy/kutefy/src/app/app.component.html": {"path":"/Users/gabrielsuarez/Documents/dev/angular/kutefy/kutefy/src/app/app.component.html","statementMap":{"0":{"start":{"line":1,"column":0},"end":{"line":1,"column":24478}}},"fnMap":{},"branchMap":{},"s":{"0":1},"f":{},"b":{},"_coverageSchema":"1a1c01bbd47fc00a2c39e90264f33305004495a9","hash":"d485b6dc036a6fb34dfd03905bed06c9748bde0b"}
,"/Users/gabrielsuarez/Documents/dev/angular/kutefy/kutefy/src/app/app.component.ts": {"path":"/Users/gabrielsuarez/Documents/dev/angular/kutefy/kutefy/src/app/app.component.ts","statementMap":{"0":{"start":{"line":1,"column":0},"end":{"line":1,"column":42}},"1":{"start":{"line":8,"column":25},"end":{"line":10,"column":null}},"2":{"start":{"line":9,"column":2},"end":{"line":9,"column":19}},"3":{"start":{"line":8,"column":13},"end":{"line":10,"column":null}},"4":{"start":{"line":8,"column":13},"end":{"line":8,"column":25}}},"fnMap":{},"branchMap":{},"s":{"0":1,"1":1,"2":3,"3":1,"4":1},"f":{},"b":{}}
}
